# JRE version: OpenJDK Runtime Environment (17.0.6) (build 17.0.6+0-b2043.56-9586694)
# Java VM: OpenJDK 64-Bit Server VM (17.0.6+0-b2043.56-9586694, mixed mode, tiered, compressed oops, compressed class ptrs, g1 gc, windows-amd64)
GC Precious Log:
 CPUs: 6 total, 6 available
 Memory: 16295M
 Large Page Support: Disabled
 NUMA Support: Disabled
 Compressed Oops: Enabled (32-bit)
 Heap Region Size: 1M
 Heap Min Capacity: 8M
 Heap Initial Capacity: 256M
 Heap Max Capacity: 2G
 Pre-touch: Disabled
 Parallel Workers: 6
 Concurrent Workers: 2
 Concurrent Refinement Workers: 6
 Periodic GC: Disabled
Heap:
 garbage-first heap   total 304128K, used 238592K [0x0000000080000000, 0x0000000100000000)
  region size 1024K, 3 young (3072K), 3 survivors (3072K)
 Metaspace       used 124092K, committed 124928K, reserved 1163264K
  class space    used 16056K, committed 16448K, reserved 1048576K
GC Heap History (20 events):
Event: 1036.874 GC heap after
{Heap after GC invocations=75 (full 0):
 garbage-first heap   total 207872K, used 115311K [0x0000000080000000, 0x0000000100000000)
  region size 1024K, 2 young (2048K), 2 survivors (2048K)
 Metaspace       used 110952K, committed 111744K, reserved 1146880K
  class space    used 14596K, committed 14976K, reserved 1048576K
}
Event: 1037.206 GC heap before
{Heap before GC invocations=75 (full 0):
 garbage-first heap   total 207872K, used 137839K [0x0000000080000000, 0x0000000100000000)
  region size 1024K, 26 young (26624K), 2 survivors (2048K)
 Metaspace       used 116008K, committed 116800K, reserved 1155072K
  class space    used 15207K, committed 15616K, reserved 1048576K
}
Event: 1037.208 GC heap after
{Heap after GC invocations=76 (full 0):
 garbage-first heap   total 207872K, used 117144K [0x0000000080000000, 0x0000000100000000)
  region size 1024K, 3 young (3072K), 3 survivors (3072K)
 Metaspace       used 116008K, committed 116800K, reserved 1155072K
  class space    used 15207K, committed 15616K, reserved 1048576K
}
Event: 1038.852 GC heap before
{Heap before GC invocations=77 (full 0):
 garbage-first heap   total 208896K, used 176536K [0x0000000080000000, 0x0000000100000000)
  region size 1024K, 59 young (60416K), 3 survivors (3072K)
 Metaspace       used 120425K, committed 121152K, reserved 1155072K
  class space    used 15571K, committed 15936K, reserved 1048576K
}
Event: 1038.862 GC heap after
{Heap after GC invocations=78 (full 0):
 garbage-first heap   total 208896K, used 134469K [0x0000000080000000, 0x0000000100000000)
  region size 1024K, 8 young (8192K), 8 survivors (8192K)
 Metaspace       used 120425K, committed 121152K, reserved 1155072K
  class space    used 15571K, committed 15936K, reserved 1048576K
}
Event: 1038.880 GC heap before
{Heap before GC invocations=78 (full 0):
 garbage-first heap   total 208896K, used 136517K [0x0000000080000000, 0x0000000100000000)
  region size 1024K, 10 young (10240K), 8 survivors (8192K)
 Metaspace       used 120428K, committed 121216K, reserved 1155072K
  class space    used 15571K, committed 15936K, reserved 1048576K
}
Event: 1038.888 GC heap after
{Heap after GC invocations=79 (full 0):
 garbage-first heap   total 208896K, used 137462K [0x0000000080000000, 0x0000000100000000)
  region size 1024K, 2 young (2048K), 2 survivors (2048K)
 Metaspace       used 120428K, committed 121216K, reserved 1155072K
  class space    used 15571K, committed 15936K, reserved 1048576K
}
Event: 1039.254 GC heap before
{Heap before GC invocations=79 (full 0):
 garbage-first heap   total 208896K, used 169206K [0x0000000080000000, 0x0000000100000000)
  region size 1024K, 34 young (34816K), 2 survivors (2048K)
 Metaspace       used 120575K, committed 121344K, reserved 1155072K
  class space    used 15584K, committed 15936K, reserved 1048576K
}
Event: 1039.265 GC heap after
{Heap after GC invocations=80 (full 0):
 garbage-first heap   total 208896K, used 170257K [0x0000000080000000, 0x0000000100000000)
  region size 1024K, 5 young (5120K), 5 survivors (5120K)
 Metaspace       used 120575K, committed 121344K, reserved 1155072K
  class space    used 15584K, committed 15936K, reserved 1048576K
}
Event: 1039.281 GC heap before
{Heap before GC invocations=80 (full 0):
 garbage-first heap   total 208896K, used 175377K [0x0000000080000000, 0x0000000100000000)
  region size 1024K, 10 young (10240K), 5 survivors (5120K)
 Metaspace       used 120575K, committed 121344K, reserved 1155072K
  class space    used 15584K, committed 15936K, reserved 1048576K
}
Event: 1039.288 GC heap after
{Heap after GC invocations=81 (full 0):
 garbage-first heap   total 208896K, used 176128K [0x0000000080000000, 0x0000000100000000)
  region size 1024K, 2 young (2048K), 2 survivors (2048K)
 Metaspace       used 120575K, committed 121344K, reserved 1155072K
  class space    used 15584K, committed 15936K, reserved 1048576K
}
Event: 1039.566 GC heap before
{Heap before GC invocations=82 (full 0):
 garbage-first heap   total 304128K, used 184320K [0x0000000080000000, 0x0000000100000000)
  region size 1024K, 10 young (10240K), 2 survivors (2048K)
 Metaspace       used 121090K, committed 121856K, reserved 1155072K
  class space    used 15646K, committed 16000K, reserved 1048576K
}
Event: 1039.571 GC heap after
{Heap after GC invocations=83 (full 0):
 garbage-first heap   total 304128K, used 182667K [0x0000000080000000, 0x0000000100000000)
  region size 1024K, 2 young (2048K), 2 survivors (2048K)
 Metaspace       used 121090K, committed 121856K, reserved 1155072K
  class space    used 15646K, committed 16000K, reserved 1048576K
}
Event: 1039.809 GC heap before
{Heap before GC invocations=83 (full 0):
 garbage-first heap   total 304128K, used 194955K [0x0000000080000000, 0x0000000100000000)
  region size 1024K, 14 young (14336K), 2 survivors (2048K)
 Metaspace       used 122293K, committed 123072K, reserved 1163264K
  class space    used 15821K, committed 16192K, reserved 1048576K
}
Event: 1039.812 GC heap after
{Heap after GC invocations=84 (full 0):
 garbage-first heap   total 304128K, used 183816K [0x0000000080000000, 0x0000000100000000)
  region size 1024K, 2 young (2048K), 2 survivors (2048K)
 Metaspace       used 122293K, committed 123072K, reserved 1163264K
  class space    used 15821K, committed 16192K, reserved 1048576K
}
Event: 1040.277 GC heap before
{Heap before GC invocations=84 (full 0):
 garbage-first heap   total 304128K, used 216584K [0x0000000080000000, 0x0000000100000000)
  region size 1024K, 34 young (34816K), 2 survivors (2048K)
 Metaspace       used 124082K, committed 124928K, reserved 1163264K
  class space    used 16056K, committed 16448K, reserved 1048576K
}
Event: 1040.284 GC heap after
{Heap after GC invocations=85 (full 0):
 garbage-first heap   total 304128K, used 203168K [0x0000000080000000, 0x0000000100000000)
  region size 1024K, 5 young (5120K), 5 survivors (5120K)
 Metaspace       used 124082K, committed 124928K, reserved 1163264K
  class space    used 16056K, committed 16448K, reserved 1048576K
}
Event: 1040.344 GC heap before
{Heap before GC invocations=85 (full 0):
 garbage-first heap   total 304128K, used 227744K [0x0000000080000000, 0x0000000100000000)
  region size 1024K, 29 young (29696K), 5 survivors (5120K)
 Metaspace       used 124082K, committed 124928K, reserved 1163264K
  class space    used 16056K, committed 16448K, reserved 1048576K
}
Event: 1040.356 GC heap after
{Heap after GC invocations=86 (full 0):
 garbage-first heap   total 304128K, used 228770K [0x0000000080000000, 0x0000000100000000)
  region size 1024K, 4 young (4096K), 4 survivors (4096K)
 Metaspace       used 124082K, committed 124928K, reserved 1163264K
  class space    used 16056K, committed 16448K, reserved 1048576K
}
Event: 1040.403 GC heap before
{Heap before GC invocations=86 (full 0):
 garbage-first heap   total 304128K, used 242082K [0x0000000080000000, 0x0000000100000000)
  region size 1024K, 17 young (17408K), 4 survivors (4096K)
 Metaspace       used 124092K, committed 124928K, reserved 1163264K
  class space    used 16056K, committed 16448K, reserved 1048576K
}

